  [1m[36mPlayer Load (15.1ms)[0m  [1mSELECT "players".* FROM "players" ORDER BY players.id DESC LIMIT 1[0m
SQLite3::SQLException: no such table: players: SELECT "players".* FROM "players" ORDER BY players.id DESC LIMIT 1
  [1m[36mSQL (0.5ms)[0m  [1m SELECT name
 FROM sqlite_master
 WHERE type = 'table' AND NOT name = 'sqlite_sequence'
[0m
  [1m[35mSQL (0.1ms)[0m  select sqlite_version(*)
  [1m[36mSQL (3.4ms)[0m  [1mCREATE TABLE "schema_migrations" ("version" varchar(255) NOT NULL) [0m
  [1m[35mSQL (0.1ms)[0m  PRAGMA index_list("schema_migrations")
  [1m[36mSQL (2.6ms)[0m  [1mCREATE UNIQUE INDEX "unique_schema_migrations" ON "schema_migrations" ("version")[0m
  [1m[35mSQL (0.2ms)[0m   SELECT name
 FROM sqlite_master
 WHERE type = 'table' AND NOT name = 'sqlite_sequence'
  [1m[36mSQL (0.2ms)[0m  [1m SELECT name
 FROM sqlite_master
 WHERE type = 'table' AND NOT name = 'sqlite_sequence'
[0m
  [1m[35mSQL (0.1ms)[0m  SELECT "schema_migrations"."version" FROM "schema_migrations"
Migrating to CreatePlayers (20101211175118)
  [1m[36mSQL (0.6ms)[0m  [1mCREATE TABLE "players" ("id" INTEGER PRIMARY KEY AUTOINCREMENT NOT NULL, "uuid" varchar(255), "x" int DEFAULT 0, "y" int DEFAULT 0, "prev_x" int, "prev_y" int, "money" double DEFAULT 0.0, "vanilla" int DEFAULT 0, "chocolate" int DEFAULT 0, "strawberry" int DEFAULT 0, "kills" int DEFAULT 0, "sales" int DEFAULT 0, "turns_remaining" int, "turn" boolean, "can_act" boolean, "can_move" boolean, "game_id" int, "created_at" datetime, "updated_at" datetime) [0m
  [1m[35mSQL (0.1ms)[0m  PRAGMA index_list("players")
  [1m[36mSQL (0.2ms)[0m  [1mCREATE INDEX "index_players_on_uuid" ON "players" ("uuid")[0m
  [1m[35mSQL (0.1ms)[0m  INSERT INTO "schema_migrations" ("version") VALUES ('20101211175118')
Migrating to CreateTiles (20101211175126)
  [1m[36mSQL (0.5ms)[0m  [1mCREATE TABLE "tiles" ("id" INTEGER PRIMARY KEY AUTOINCREMENT NOT NULL, "zombies" int, "x" int, "y" int, "store" boolean, "game_board_id" int, "created_at" datetime, "updated_at" datetime) [0m
  [1m[35mSQL (0.1ms)[0m  PRAGMA index_list("tiles")
  [1m[36mSQL (0.2ms)[0m  [1mCREATE INDEX "index_tiles_on_x_and_y_and_game_board_id" ON "tiles" ("x", "y", "game_board_id")[0m
  [1m[35mSQL (0.1ms)[0m  INSERT INTO "schema_migrations" ("version") VALUES ('20101211175126')
Migrating to CreateGameBoards (20101211175143)
  [1m[36mSQL (0.4ms)[0m  [1mCREATE TABLE "game_boards" ("id" INTEGER PRIMARY KEY AUTOINCREMENT NOT NULL, "x" int, "y" int, "game_id" int, "created_at" datetime, "updated_at" datetime) [0m
  [1m[35mSQL (0.0ms)[0m  PRAGMA index_list("game_boards")
  [1m[36mSQL (0.1ms)[0m  [1mCREATE INDEX "index_game_boards_on_game_id" ON "game_boards" ("game_id")[0m
  [1m[35mSQL (0.1ms)[0m  INSERT INTO "schema_migrations" ("version") VALUES ('20101211175143')
Migrating to CreateGames (20101211175148)
  [1m[36mSQL (0.4ms)[0m  [1mCREATE TABLE "games" ("id" INTEGER PRIMARY KEY AUTOINCREMENT NOT NULL, "player1_id" int, "player2_id" int, "game_board_id" int, "created_at" datetime, "updated_at" datetime) [0m
  [1m[35mSQL (0.1ms)[0m  INSERT INTO "schema_migrations" ("version") VALUES ('20101211175148')
Migrating to CreateSomethings (20101211181901)
  [1m[36mSQL (0.4ms)[0m  [1mCREATE TABLE "somethings" ("id" INTEGER PRIMARY KEY AUTOINCREMENT NOT NULL, "created_at" datetime, "updated_at" datetime) [0m
  [1m[35mSQL (0.1ms)[0m  INSERT INTO "schema_migrations" ("version") VALUES ('20101211181901')
Migrating to CreateCustomers (20101211185502)
  [1m[36mSQL (0.4ms)[0m  [1mCREATE TABLE "customers" ("id" INTEGER PRIMARY KEY AUTOINCREMENT NOT NULL, "favorite_type" varchar(255), "favorite_price" double, "favorite_number" int, "tile_id" int, "created_at" datetime, "updated_at" datetime) [0m
  [1m[35mSQL (0.0ms)[0m  PRAGMA index_list("customers")
  [1m[36mSQL (0.1ms)[0m  [1mCREATE INDEX "index_customers_on_tile_id" ON "customers" ("tile_id")[0m
  [1m[35mSQL (0.1ms)[0m  INSERT INTO "schema_migrations" ("version") VALUES ('20101211185502')
Migrating to CreateJsonGames (20101211190947)
  [1m[36mSQL (0.5ms)[0m  [1mCREATE TABLE "json_games" ("id" INTEGER PRIMARY KEY AUTOINCREMENT NOT NULL, "created_at" datetime, "updated_at" datetime) [0m
  [1m[35mSQL (0.1ms)[0m  INSERT INTO "schema_migrations" ("version") VALUES ('20101211190947')
  [1m[36mSQL (0.3ms)[0m  [1m SELECT name
 FROM sqlite_master
 WHERE type = 'table' AND NOT name = 'sqlite_sequence'
[0m
  [1m[35mSQL (0.3ms)[0m  SELECT "schema_migrations"."version" FROM "schema_migrations"
  [1m[36mSQL (45.4ms)[0m  [1m SELECT name
 FROM sqlite_master
 WHERE type = 'table' AND NOT name = 'sqlite_sequence'
[0m
  [1m[35mSQL (0.1ms)[0m  PRAGMA index_list("customers")
  [1m[36mSQL (0.1ms)[0m  [1mPRAGMA index_info('index_customers_on_tile_id')[0m
  [1m[35mSQL (0.1ms)[0m  PRAGMA index_list("game_boards")
  [1m[36mSQL (0.0ms)[0m  [1mPRAGMA index_info('index_game_boards_on_game_id')[0m
  [1m[35mSQL (0.0ms)[0m  PRAGMA index_list("games")
  [1m[36mSQL (0.0ms)[0m  [1mPRAGMA index_list("json_games")[0m
  [1m[35mSQL (0.1ms)[0m  PRAGMA index_list("players")
  [1m[36mSQL (0.1ms)[0m  [1mPRAGMA index_info('index_players_on_uuid')[0m
  [1m[35mSQL (0.0ms)[0m  PRAGMA index_list("somethings")
  [1m[36mSQL (0.1ms)[0m  [1mPRAGMA index_list("tiles")[0m
  [1m[35mSQL (0.1ms)[0m  PRAGMA index_info('index_tiles_on_x_and_y_and_game_board_id')
  [1m[36mPlayer Load (1.0ms)[0m  [1mSELECT "players".* FROM "players" ORDER BY players.id DESC LIMIT 1[0m


Started POST "/join" for 127.0.0.1 at Wed Dec 22 15:25:42 -0500 2010

SyntaxError (/Users/matthew/Projects/nyu/I-Scream-Zombies/server/zombies/app/controllers/game_controller.rb:34: syntax error, unexpected '{', expecting kEND
      render :json {:error => "player not found"}
                    ^
/Users/matthew/Projects/nyu/I-Scream-Zombies/server/zombies/app/controllers/game_controller.rb:34: syntax error, unexpected '}', expecting kEND):
  

Rendered /Users/matthew/.rvm/gems/ruby-1.8.7-p302/gems/actionpack-3.0.3/lib/action_dispatch/middleware/templates/rescues/_trace.erb (1.0ms)
Rendered /Users/matthew/.rvm/gems/ruby-1.8.7-p302/gems/actionpack-3.0.3/lib/action_dispatch/middleware/templates/rescues/_request_and_response.erb (2.7ms)
Rendered /Users/matthew/.rvm/gems/ruby-1.8.7-p302/gems/actionpack-3.0.3/lib/action_dispatch/middleware/templates/rescues/diagnostics.erb within rescues/layout (224.9ms)


Started POST "/join" for 127.0.0.1 at Wed Dec 22 15:26:00 -0500 2010

SyntaxError (/Users/matthew/Projects/nyu/I-Scream-Zombies/server/zombies/app/controllers/game_controller.rb:34: syntax error, unexpected '{', expecting kEND
      render :json {:error => "player not found"}
                    ^
/Users/matthew/Projects/nyu/I-Scream-Zombies/server/zombies/app/controllers/game_controller.rb:34: syntax error, unexpected '}', expecting kEND):
  

Rendered /Users/matthew/.rvm/gems/ruby-1.8.7-p302/gems/actionpack-3.0.3/lib/action_dispatch/middleware/templates/rescues/_trace.erb (0.9ms)
Rendered /Users/matthew/.rvm/gems/ruby-1.8.7-p302/gems/actionpack-3.0.3/lib/action_dispatch/middleware/templates/rescues/_request_and_response.erb (1.5ms)
Rendered /Users/matthew/.rvm/gems/ruby-1.8.7-p302/gems/actionpack-3.0.3/lib/action_dispatch/middleware/templates/rescues/diagnostics.erb within rescues/layout (6.4ms)


Started POST "/join" for 127.0.0.1 at Wed Dec 22 15:26:03 -0500 2010

SyntaxError (/Users/matthew/Projects/nyu/I-Scream-Zombies/server/zombies/app/controllers/game_controller.rb:34: syntax error, unexpected '{', expecting kEND
      render :json {:error => "player not found"}
                    ^
/Users/matthew/Projects/nyu/I-Scream-Zombies/server/zombies/app/controllers/game_controller.rb:34: syntax error, unexpected '}', expecting kEND):
  

Rendered /Users/matthew/.rvm/gems/ruby-1.8.7-p302/gems/actionpack-3.0.3/lib/action_dispatch/middleware/templates/rescues/_trace.erb (0.9ms)
Rendered /Users/matthew/.rvm/gems/ruby-1.8.7-p302/gems/actionpack-3.0.3/lib/action_dispatch/middleware/templates/rescues/_request_and_response.erb (1.6ms)
Rendered /Users/matthew/.rvm/gems/ruby-1.8.7-p302/gems/actionpack-3.0.3/lib/action_dispatch/middleware/templates/rescues/diagnostics.erb within rescues/layout (6.3ms)


Started POST "/join" for 127.0.0.1 at Wed Dec 22 15:26:25 -0500 2010
  Processing by GameController#join as */*
  Parameters: {"name"=>"matthew"}
  [1m[36mGame Load (0.9ms)[0m  [1mSELECT "games".* FROM "games" WHERE (player1_id IS NULL OR player2_id IS NULL) LIMIT 1[0m
  [1m[35mSQL (0.3ms)[0m   SELECT name
 FROM sqlite_master
 WHERE type = 'table' AND NOT name = 'sqlite_sequence'
  [1m[36mAREL (0.4ms)[0m  [1mINSERT INTO "games" ("game_board_id", "player1_id", "updated_at", "player2_id", "created_at") VALUES (NULL, NULL, '2010-12-22 20:26:25.296850', NULL, '2010-12-22 20:26:25.296850')[0m
  [1m[35mAREL (0.2ms)[0m  INSERT INTO "game_boards" ("game_id", "created_at", "y", "updated_at", "x") VALUES (1, '2010-12-22 20:26:25.299374', 75, '2010-12-22 20:26:25.299374', 75)
  [1m[36mSQL (0.1ms)[0m  [1mSELECT COUNT(*) FROM "tiles" WHERE ("tiles".game_board_id = 1)[0m
  [1m[35mAREL (0.2ms)[0m  INSERT INTO "tiles" ("y", "store", "game_board_id", "zombies", "updated_at", "x", "created_at") VALUES (37, 't', NULL, 0, '2010-12-22 20:26:25.314428', 37, '2010-12-22 20:26:25.314428')
  [1m[36mAREL (0.1ms)[0m  [1mUPDATE "tiles" SET "game_board_id" = 1, "updated_at" = '2010-12-22 20:26:25.316895' WHERE ("tiles"."id" = 1)[0m
WARNING: Can't mass-assign protected attributes: name
  [1m[35mTile Load (0.2ms)[0m  SELECT "tiles".* FROM "tiles" WHERE ("tiles".game_board_id = 1) AND ("tiles"."store" = 't') ORDER BY id ASC LIMIT 1
  [1m[36mAREL (0.3ms)[0m  [1mINSERT INTO "players" ("chocolate", "money", "created_at", "prev_y", "prev_x", "can_move", "turn", "sales", "x", "game_id", "vanilla", "turns_remaining", "uuid", "can_act", "y", "kills", "strawberry", "updated_at") VALUES (5, 5.0, '2010-12-22 20:26:25.338855', NULL, NULL, NULL, NULL, 0, 37, NULL, 5, 20, 'EKTFIBVTKDEKTMDM', NULL, 37, 0, 5, '2010-12-22 20:26:25.338855')[0m
  [1m[35mAREL (0.3ms)[0m  UPDATE "games" SET "player1_id" = 1, "updated_at" = '2010-12-22 20:26:25.344869' WHERE ("games"."id" = 1)
  [1m[36mAREL (0.3ms)[0m  [1mUPDATE "players" SET "game_id" = 1, "updated_at" = '2010-12-22 20:26:25.350450' WHERE ("players"."id" = 1)[0m
Completed 200 OK in 183ms (Views: 2.5ms | ActiveRecord: 3.4ms)


Started GET "/get_turn/EKTFIBVTKDEKTMDM" for 127.0.0.1 at Wed Dec 22 15:27:17 -0500 2010
  Processing by GameController#get_turn as HTML
  Parameters: {"uuid"=>"EKTFIBVTKDEKTMDM"}
  [1m[35mPlayer Load (0.3ms)[0m  SELECT "players".* FROM "players" WHERE ("players"."uuid" = 'EKTFIBVTKDEKTMDM') LIMIT 1
Completed 200 OK in 16ms (Views: 2.4ms | ActiveRecord: 0.3ms)
  [1m[36mSQL (0.6ms)[0m  [1m SELECT name
 FROM sqlite_master
 WHERE type = 'table' AND NOT name = 'sqlite_sequence'
[0m
  [1m[35mSQL (0.1ms)[0m  select sqlite_version(*)
  [1m[36mSQL (2.9ms)[0m  [1mCREATE TABLE "schema_migrations" ("version" varchar(255) NOT NULL) [0m
  [1m[35mSQL (0.1ms)[0m  PRAGMA index_list("schema_migrations")
  [1m[36mSQL (2.6ms)[0m  [1mCREATE UNIQUE INDEX "unique_schema_migrations" ON "schema_migrations" ("version")[0m
  [1m[35mSQL (0.2ms)[0m   SELECT name
 FROM sqlite_master
 WHERE type = 'table' AND NOT name = 'sqlite_sequence'
  [1m[36mSQL (0.1ms)[0m  [1m SELECT name
 FROM sqlite_master
 WHERE type = 'table' AND NOT name = 'sqlite_sequence'
[0m
  [1m[35mSQL (0.1ms)[0m  SELECT "schema_migrations"."version" FROM "schema_migrations"
Migrating to CreatePlayers (20101211175118)
  [1m[36mSQL (0.6ms)[0m  [1mCREATE TABLE "players" ("id" INTEGER PRIMARY KEY AUTOINCREMENT NOT NULL, "uuid" varchar(255), "x" int DEFAULT 0, "y" int DEFAULT 0, "prev_x" int DEFAULT 0, "prev_y" int DEFAULT 0, "money" double DEFAULT 0.0, "vanilla" int DEFAULT 0, "chocolate" int DEFAULT 0, "strawberry" int DEFAULT 0, "kills" int DEFAULT 0, "sales" int DEFAULT 0, "turns_remaining" int DEFAULT 0, "turn" boolean DEFAULT 'f', "can_act" boolean DEFAULT 'f', "can_move" boolean DEFAULT 'f', "game_id" int, "created_at" datetime, "updated_at" datetime) [0m
  [1m[35mSQL (0.1ms)[0m  PRAGMA index_list("players")
  [1m[36mSQL (0.2ms)[0m  [1mCREATE INDEX "index_players_on_uuid" ON "players" ("uuid")[0m
  [1m[35mSQL (0.1ms)[0m  INSERT INTO "schema_migrations" ("version") VALUES ('20101211175118')
Migrating to CreateTiles (20101211175126)
  [1m[36mSQL (0.4ms)[0m  [1mCREATE TABLE "tiles" ("id" INTEGER PRIMARY KEY AUTOINCREMENT NOT NULL, "zombies" int, "x" int, "y" int, "store" boolean, "game_board_id" int, "created_at" datetime, "updated_at" datetime) [0m
  [1m[35mSQL (0.1ms)[0m  PRAGMA index_list("tiles")
  [1m[36mSQL (0.2ms)[0m  [1mCREATE INDEX "index_tiles_on_x_and_y_and_game_board_id" ON "tiles" ("x", "y", "game_board_id")[0m
  [1m[35mSQL (0.1ms)[0m  INSERT INTO "schema_migrations" ("version") VALUES ('20101211175126')
Migrating to CreateGameBoards (20101211175143)
  [1m[36mSQL (0.4ms)[0m  [1mCREATE TABLE "game_boards" ("id" INTEGER PRIMARY KEY AUTOINCREMENT NOT NULL, "x" int DEFAULT 0, "y" int DEFAULT 0, "game_id" int, "created_at" datetime, "updated_at" datetime) [0m
  [1m[35mSQL (0.0ms)[0m  PRAGMA index_list("game_boards")
  [1m[36mSQL (0.1ms)[0m  [1mCREATE INDEX "index_game_boards_on_game_id" ON "game_boards" ("game_id")[0m
  [1m[35mSQL (0.1ms)[0m  INSERT INTO "schema_migrations" ("version") VALUES ('20101211175143')
Migrating to CreateGames (20101211175148)
  [1m[36mSQL (0.4ms)[0m  [1mCREATE TABLE "games" ("id" INTEGER PRIMARY KEY AUTOINCREMENT NOT NULL, "player1_id" int, "player2_id" int, "game_board_id" int, "created_at" datetime, "updated_at" datetime) [0m
  [1m[35mSQL (0.1ms)[0m  INSERT INTO "schema_migrations" ("version") VALUES ('20101211175148')
Migrating to CreateSomethings (20101211181901)
  [1m[36mSQL (0.5ms)[0m  [1mCREATE TABLE "somethings" ("id" INTEGER PRIMARY KEY AUTOINCREMENT NOT NULL, "created_at" datetime, "updated_at" datetime) [0m
  [1m[35mSQL (0.1ms)[0m  INSERT INTO "schema_migrations" ("version") VALUES ('20101211181901')
Migrating to CreateCustomers (20101211185502)
  [1m[36mSQL (0.5ms)[0m  [1mCREATE TABLE "customers" ("id" INTEGER PRIMARY KEY AUTOINCREMENT NOT NULL, "favorite_type" varchar(255), "favorite_price" double, "favorite_number" int, "tile_id" int, "created_at" datetime, "updated_at" datetime) [0m
  [1m[35mSQL (0.0ms)[0m  PRAGMA index_list("customers")
  [1m[36mSQL (0.1ms)[0m  [1mCREATE INDEX "index_customers_on_tile_id" ON "customers" ("tile_id")[0m
  [1m[35mSQL (0.1ms)[0m  INSERT INTO "schema_migrations" ("version") VALUES ('20101211185502')
Migrating to CreateJsonGames (20101211190947)
  [1m[36mSQL (0.5ms)[0m  [1mCREATE TABLE "json_games" ("id" INTEGER PRIMARY KEY AUTOINCREMENT NOT NULL, "created_at" datetime, "updated_at" datetime) [0m
  [1m[35mSQL (0.1ms)[0m  INSERT INTO "schema_migrations" ("version") VALUES ('20101211190947')
  [1m[36mSQL (0.3ms)[0m  [1m SELECT name
 FROM sqlite_master
 WHERE type = 'table' AND NOT name = 'sqlite_sequence'
[0m
  [1m[35mSQL (0.2ms)[0m  SELECT "schema_migrations"."version" FROM "schema_migrations"
  [1m[36mSQL (44.2ms)[0m  [1m SELECT name
 FROM sqlite_master
 WHERE type = 'table' AND NOT name = 'sqlite_sequence'
[0m
  [1m[35mSQL (0.1ms)[0m  PRAGMA index_list("customers")
  [1m[36mSQL (0.1ms)[0m  [1mPRAGMA index_info('index_customers_on_tile_id')[0m
  [1m[35mSQL (0.1ms)[0m  PRAGMA index_list("game_boards")
  [1m[36mSQL (0.0ms)[0m  [1mPRAGMA index_info('index_game_boards_on_game_id')[0m
  [1m[35mSQL (0.0ms)[0m  PRAGMA index_list("games")
  [1m[36mSQL (0.0ms)[0m  [1mPRAGMA index_list("json_games")[0m
  [1m[35mSQL (0.1ms)[0m  PRAGMA index_list("players")
  [1m[36mSQL (0.1ms)[0m  [1mPRAGMA index_info('index_players_on_uuid')[0m
  [1m[35mSQL (0.0ms)[0m  PRAGMA index_list("somethings")
  [1m[36mSQL (0.1ms)[0m  [1mPRAGMA index_list("tiles")[0m
  [1m[35mSQL (0.1ms)[0m  PRAGMA index_info('index_tiles_on_x_and_y_and_game_board_id')


Started POST "/join" for 127.0.0.1 at Wed Dec 22 15:28:48 -0500 2010
  Processing by GameController#join as */*
  Parameters: {"name"=>"matthew"}
  [1m[36mGame Load (0.5ms)[0m  [1mSELECT "games".* FROM "games" WHERE (player1_id IS NULL OR player2_id IS NULL) LIMIT 1[0m
  [1m[35mAREL (0.3ms)[0m  INSERT INTO "games" ("updated_at", "player1_id", "game_board_id", "created_at", "player2_id") VALUES ('2010-12-22 20:28:48.969217', NULL, NULL, '2010-12-22 20:28:48.969217', NULL)
  [1m[36mAREL (0.2ms)[0m  [1mINSERT INTO "game_boards" ("created_at", "updated_at", "x", "y", "game_id") VALUES ('2010-12-22 20:28:48.971194', '2010-12-22 20:28:48.971194', 75, 75, 1)[0m
  [1m[35mSQL (0.1ms)[0m  SELECT COUNT(*) FROM "tiles" WHERE ("tiles".game_board_id = 1)
  [1m[36mAREL (0.2ms)[0m  [1mINSERT INTO "tiles" ("store", "y", "updated_at", "game_board_id", "x", "created_at", "zombies") VALUES ('t', 37, '2010-12-22 20:28:48.986221', NULL, 37, '2010-12-22 20:28:48.986221', 0)[0m
  [1m[35mAREL (0.1ms)[0m  UPDATE "tiles" SET "updated_at" = '2010-12-22 20:28:48.988558', "game_board_id" = 1 WHERE ("tiles"."id" = 1)
WARNING: Can't mass-assign protected attributes: name
  [1m[36mTile Load (0.3ms)[0m  [1mSELECT "tiles".* FROM "tiles" WHERE ("tiles".game_board_id = 1) AND ("tiles"."store" = 't') ORDER BY id ASC LIMIT 1[0m
  [1m[35mAREL (0.4ms)[0m  INSERT INTO "players" ("strawberry", "y", "game_id", "can_move", "chocolate", "turns_remaining", "turn", "updated_at", "prev_y", "prev_x", "sales", "vanilla", "uuid", "can_act", "x", "money", "kills", "created_at") VALUES (5, 37, NULL, 'f', 5, 20, 'f', '2010-12-22 20:28:49.008820', 0, 0, 0, 5, 'DIIXLSGHGYLXLOND', 'f', 37, 5.0, 0, '2010-12-22 20:28:49.008820')
  [1m[36mAREL (0.3ms)[0m  [1mUPDATE "games" SET "updated_at" = '2010-12-22 20:28:49.015068', "player1_id" = 1 WHERE ("games"."id" = 1)[0m
  [1m[35mAREL (0.3ms)[0m  UPDATE "players" SET "game_id" = 1, "updated_at" = '2010-12-22 20:28:49.021057' WHERE ("players"."id" = 1)
Completed 200 OK in 136ms (Views: 2.3ms | ActiveRecord: 2.7ms)


Started GET "/get_turn/DIIXLSGHGYLXLOND" for 127.0.0.1 at Wed Dec 22 15:29:22 -0500 2010
  Processing by GameController#get_turn as HTML
  Parameters: {"uuid"=>"DIIXLSGHGYLXLOND"}
  [1m[36mPlayer Load (0.2ms)[0m  [1mSELECT "players".* FROM "players" WHERE ("players"."uuid" = 'DIIXLSGHGYLXLOND') LIMIT 1[0m
Completed 200 OK in 15ms (Views: 2.3ms | ActiveRecord: 0.2ms)
  [1m[36mSQL (0.4ms)[0m  [1mselect sqlite_version(*)[0m
  [1m[35mSQL (0.3ms)[0m   SELECT name
 FROM sqlite_master
 WHERE type = 'table' AND NOT name = 'sqlite_sequence'
  [1m[36mSQL (1.8ms)[0m  [1mCREATE TABLE "customers" ("id" INTEGER PRIMARY KEY AUTOINCREMENT NOT NULL, "favorite_type" varchar(255), "favorite_price" float, "favorite_number" integer, "tile_id" integer, "created_at" datetime, "updated_at" datetime) [0m
  [1m[35mSQL (0.1ms)[0m  PRAGMA index_list("customers")
  [1m[36mSQL (2.0ms)[0m  [1mCREATE INDEX "index_customers_on_tile_id" ON "customers" ("tile_id")[0m
  [1m[35mSQL (0.2ms)[0m   SELECT name
 FROM sqlite_master
 WHERE type = 'table' AND NOT name = 'sqlite_sequence'
  [1m[36mSQL (2.2ms)[0m  [1mCREATE TABLE "game_boards" ("id" INTEGER PRIMARY KEY AUTOINCREMENT NOT NULL, "x" integer DEFAULT 0, "y" integer DEFAULT 0, "game_id" integer, "created_at" datetime, "updated_at" datetime) [0m
  [1m[35mSQL (0.1ms)[0m  PRAGMA index_list("game_boards")
  [1m[36mSQL (1.5ms)[0m  [1mCREATE INDEX "index_game_boards_on_game_id" ON "game_boards" ("game_id")[0m
  [1m[35mSQL (0.2ms)[0m   SELECT name
 FROM sqlite_master
 WHERE type = 'table' AND NOT name = 'sqlite_sequence'
  [1m[36mSQL (1.4ms)[0m  [1mCREATE TABLE "games" ("id" INTEGER PRIMARY KEY AUTOINCREMENT NOT NULL, "player1_id" integer, "player2_id" integer, "game_board_id" integer, "created_at" datetime, "updated_at" datetime) [0m
  [1m[35mSQL (0.2ms)[0m   SELECT name
 FROM sqlite_master
 WHERE type = 'table' AND NOT name = 'sqlite_sequence'
  [1m[36mSQL (1.6ms)[0m  [1mCREATE TABLE "json_games" ("id" INTEGER PRIMARY KEY AUTOINCREMENT NOT NULL, "created_at" datetime, "updated_at" datetime) [0m
  [1m[35mSQL (0.3ms)[0m   SELECT name
 FROM sqlite_master
 WHERE type = 'table' AND NOT name = 'sqlite_sequence'
  [1m[36mSQL (1.6ms)[0m  [1mCREATE TABLE "players" ("id" INTEGER PRIMARY KEY AUTOINCREMENT NOT NULL, "uuid" varchar(255), "x" integer DEFAULT 0, "y" integer DEFAULT 0, "prev_x" integer DEFAULT 0, "prev_y" integer DEFAULT 0, "money" float DEFAULT 0.0, "vanilla" integer DEFAULT 0, "chocolate" integer DEFAULT 0, "strawberry" integer DEFAULT 0, "kills" integer DEFAULT 0, "sales" integer DEFAULT 0, "turns_remaining" integer DEFAULT 0, "turn" boolean DEFAULT 'f', "can_act" boolean DEFAULT 'f', "can_move" boolean DEFAULT 'f', "game_id" integer, "created_at" datetime, "updated_at" datetime) [0m
  [1m[35mSQL (0.1ms)[0m  PRAGMA index_list("players")
  [1m[36mSQL (1.5ms)[0m  [1mCREATE INDEX "index_players_on_uuid" ON "players" ("uuid")[0m
  [1m[35mSQL (0.2ms)[0m   SELECT name
 FROM sqlite_master
 WHERE type = 'table' AND NOT name = 'sqlite_sequence'
  [1m[36mSQL (1.4ms)[0m  [1mCREATE TABLE "somethings" ("id" INTEGER PRIMARY KEY AUTOINCREMENT NOT NULL, "created_at" datetime, "updated_at" datetime) [0m
  [1m[35mSQL (0.4ms)[0m   SELECT name
 FROM sqlite_master
 WHERE type = 'table' AND NOT name = 'sqlite_sequence'
  [1m[36mSQL (1.6ms)[0m  [1mCREATE TABLE "tiles" ("id" INTEGER PRIMARY KEY AUTOINCREMENT NOT NULL, "zombies" integer, "x" integer, "y" integer, "store" boolean, "game_board_id" integer, "created_at" datetime, "updated_at" datetime) [0m
  [1m[35mSQL (0.1ms)[0m  PRAGMA index_list("tiles")
  [1m[36mSQL (1.8ms)[0m  [1mCREATE INDEX "index_tiles_on_x_and_y_and_game_board_id" ON "tiles" ("x", "y", "game_board_id")[0m
  [1m[35mSQL (0.2ms)[0m   SELECT name
 FROM sqlite_master
 WHERE type = 'table' AND NOT name = 'sqlite_sequence'
  [1m[36mSQL (1.9ms)[0m  [1mCREATE TABLE "schema_migrations" ("version" varchar(255) NOT NULL) [0m
  [1m[35mSQL (0.0ms)[0m  PRAGMA index_list("schema_migrations")
  [1m[36mSQL (1.4ms)[0m  [1mCREATE UNIQUE INDEX "unique_schema_migrations" ON "schema_migrations" ("version")[0m
  [1m[35mSQL (0.2ms)[0m   SELECT name
 FROM sqlite_master
 WHERE type = 'table' AND NOT name = 'sqlite_sequence'
  [1m[36mSQL (0.1ms)[0m  [1mSELECT version FROM "schema_migrations"[0m
  [1m[35mSQL (1.3ms)[0m  INSERT INTO "schema_migrations" (version) VALUES ('20101211190947')
  [1m[36mSQL (1.3ms)[0m  [1mINSERT INTO "schema_migrations" (version) VALUES ('20101211175118')[0m
  [1m[35mSQL (1.3ms)[0m  INSERT INTO "schema_migrations" (version) VALUES ('20101211175126')
  [1m[36mSQL (4.7ms)[0m  [1mINSERT INTO "schema_migrations" (version) VALUES ('20101211175143')[0m
  [1m[35mSQL (1.9ms)[0m  INSERT INTO "schema_migrations" (version) VALUES ('20101211175148')
  [1m[36mSQL (1.1ms)[0m  [1mINSERT INTO "schema_migrations" (version) VALUES ('20101211181901')[0m
  [1m[35mSQL (1.0ms)[0m  INSERT INTO "schema_migrations" (version) VALUES ('20101211185502')
  [1m[36mSQL (0.3ms)[0m  [1m SELECT name
 FROM sqlite_master
 WHERE type = 'table' AND NOT name = 'sqlite_sequence'
[0m
  [1m[35mSQL (0.2ms)[0m   SELECT name
 FROM sqlite_master
 WHERE type = 'table' AND NOT name = 'sqlite_sequence'
  [1m[36mSQL (0.2ms)[0m  [1mSELECT "schema_migrations"."version" FROM "schema_migrations"[0m
  [1m[36mGame Load (1.1ms)[0m  [1mSELECT "games".* FROM "games" WHERE (player1_id IS NULL OR player2_id IS NULL) ORDER BY games.id DESC LIMIT 1[0m
  [1m[35mGame Load (0.2ms)[0m  SELECT "games".* FROM "games"
  [1m[36mSQL (77.0ms)[0m  [1m SELECT name
 FROM sqlite_master
 WHERE type = 'table' AND NOT name = 'sqlite_sequence'
[0m
  [1m[35mSQL (0.0ms)[0m   SELECT name
 FROM sqlite_master
 WHERE type = 'table' AND NOT name = 'sqlite_sequence'
  [1m[36mSQL (0.0ms)[0m  [1mSELECT "schema_migrations"."version" FROM "schema_migrations"[0m
Migrating to CreatePlayers (20101211175118)
Migrating to CreateTiles (20101211175126)
Migrating to CreateGameBoards (20101211175143)
Migrating to CreateGames (20101211175148)
Migrating to CreateSomethings (20101211181901)
Migrating to CreateCustomers (20101211185502)
Migrating to CreateJsonGames (20101211190947)
  [1m[35mSQL (0.0ms)[0m  select sqlite_version(*)
  [1m[36mSQL (0.0ms)[0m  [1m SELECT name
 FROM sqlite_master
 WHERE type = 'table' AND NOT name = 'sqlite_sequence'
[0m
  [1m[35mSQL (0.0ms)[0m  SELECT "schema_migrations"."version" FROM "schema_migrations"
  [1m[36mSQL (0.0ms)[0m  [1m SELECT name
 FROM sqlite_master
 WHERE type = 'table' AND NOT name = 'sqlite_sequence'
[0m
  [1m[35mSQL (0.0ms)[0m  PRAGMA index_list("customers")
  [1m[36mSQL (0.0ms)[0m  [1mPRAGMA index_info('index_customers_on_tile_id')[0m
  [1m[35mSQL (0.0ms)[0m  PRAGMA index_list("game_boards")
  [1m[36mSQL (0.0ms)[0m  [1mPRAGMA index_info('index_game_boards_on_game_id')[0m
  [1m[35mSQL (0.0ms)[0m  PRAGMA index_list("games")
  [1m[36mSQL (0.0ms)[0m  [1mPRAGMA index_list("json_games")[0m
  [1m[35mSQL (0.0ms)[0m  PRAGMA index_list("players")
  [1m[36mSQL (0.0ms)[0m  [1mPRAGMA index_info('index_players_on_uuid')[0m
  [1m[35mSQL (0.0ms)[0m  PRAGMA index_list("somethings")
  [1m[36mSQL (0.0ms)[0m  [1mPRAGMA index_list("tiles")[0m
  [1m[35mSQL (0.0ms)[0m  PRAGMA index_info('index_tiles_on_x_and_y_and_game_board_id')
